
**** Build of configuration Debug for project empty_EK_TM4C123GXL_TI ****

"C:\\ti\\ccs1220\\ccs\\utils\\bin\\gmake" -k -j 16 all -O 
 
Building file: "../empty.cfg"
Invoking: XDCtools
"C:/ti/xdctools_3_31_01_33_core/xs" --xdcpath="C:/ti/tirtos_tivac_2_14_04_31/packages;C:/ti/tirtos_tivac_2_14_04_31/products/bios_6_42_03_35/packages;C:/ti/tirtos_tivac_2_14_04_31/products/ndk_2_24_03_35/packages;C:/ti/tirtos_tivac_2_14_04_31/products/uia_2_00_02_39/packages;" xdc.tools.configuro -o configPkg -t ti.targets.arm.elf.M4F -p ti.platforms.tiva:TM4C123GH6PM -r release -c "C:/ti/ccs1220/ccs/tools/compiler/ti-cgt-arm_20.2.7.LTS" --compileOptions "-mv7M4 --code_state=16 --float_support=FPv4SPD16 -me --include_path=\"C:/ti/ccs1220/ccs/ccs_base/arm/include/CMSIS\" --include_path=\"C:/Users/kevine/workspace_v12/empty_EK_TM4C123GXL_TI\" --include_path=\"C:/Users/kevine/workspace_v12/empty_EK_TM4C123GXL_TI\" --include_path=\"C:/ti/tirtos_tivac_2_14_04_31/products/TivaWare_C_Series-2.1.1.71b\" --include_path=\"C:/ti/tirtos_tivac_2_14_04_31/packages/ti/drivers/wifi/cc3100/Simplelink\" --include_path=\"C:/ti/tirtos_tivac_2_14_04_31/packages/ti/drivers/wifi/cc3100/Simplelink/Include\" --include_path=\"C:/ti/ccs1220/ccs/tools/compiler/ti-cgt-arm_20.2.7.LTS/include\" --define=ccs=\"ccs\" --define=PART_TM4C123GH6PM --define=ccs --define=TIVAWARE -g --gcc --diag_warning=225 --diag_warning=255 --diag_wrap=off --display_error_number --gen_func_subsections=on --abi=eabi  " "../empty.cfg"
making package.mak (because of package.bld) ...
generating interfaces for package configPkg (because package/package.xdc.inc is older than package.xdc) ...
configuring empty.xem4f from package/cfg/empty_pem4f.cfg ...
generating custom ti.sysbios library makefile ... 
Starting build of library sources ...
making C:/Users/kevine/workspace_v12/empty_EK_TM4C123GXL_TI/src/sysbios/sysbios.aem4f ...
gmake[1]: Entering directory `C:/Users/kevine/workspace_v12/empty_EK_TM4C123GXL_TI/src/sysbios'
clem4f C:/ti/tirtos_tivac_2_14_04_31/products/bios_6_42_03_35/packages/ti/sysbios/BIOS.c ...
asmem4f C:/ti/tirtos_tivac_2_14_04_31/products/bios_6_42_03_35/packages/ti/sysbios/family/arm/m3/Hwi_asm.sv7M ...
asmem4f C:/ti/tirtos_tivac_2_14_04_31/products/bios_6_42_03_35/packages/ti/sysbios/family/arm/m3/Hwi_asm_switch.sv7M ...
asmem4f C:/ti/tirtos_tivac_2_14_04_31/products/bios_6_42_03_35/packages/ti/sysbios/family/arm/m3/IntrinsicsSupport_asm.sv7M ...
asmem4f C:/ti/tirtos_tivac_2_14_04_31/products/bios_6_42_03_35/packages/ti/sysbios/family/arm/m3/TaskSupport_asm.sv7M ...
arem4f BIOS.obj m3_Hwi_asm.obj m3_Hwi_asm_switch.obj m3_IntrinsicsSupport_asm.obj m3_TaskSupport_asm.obj ...
gmake[1]: Leaving directory `C:/Users/kevine/workspace_v12/empty_EK_TM4C123GXL_TI/src/sysbios'
Build of libraries done.
clem4f package/cfg/empty_pem4f.c ...
"package/cfg/empty_pem4f.c", line 19565: warning #112-D: statement is unreachable
"package/cfg/empty_pem4f.c", line 20051: warning #112-D: statement is unreachable
"package/cfg/empty_pem4f.c", line 20286: warning #112-D: statement is unreachable
"package/cfg/empty_pem4f.c", line 20506: warning #112-D: statement is unreachable
"package/cfg/empty_pem4f.c", line 20687: warning #112-D: statement is unreachable
Finished building: "../empty.cfg"
 
        1 file(s) copied.
making ../src/sysbios/sysbios.aem4f ...
gmake[1]: Nothing to be done for 'all'.
Building file: "../bsp.c"
Invoking: Arm Compiler
"C:/ti/ccs1220/ccs/tools/compiler/ti-cgt-arm_20.2.7.LTS/bin/armcl" -mv7M4 --code_state=16 --float_support=FPv4SPD16 -me --include_path="C:/ti/ccs1220/ccs/ccs_base/arm/include/CMSIS" --include_path="C:/Users/kevine/workspace_v12/empty_EK_TM4C123GXL_TI" --include_path="C:/Users/kevine/workspace_v12/empty_EK_TM4C123GXL_TI" --include_path="C:/ti/tirtos_tivac_2_14_04_31/products/TivaWare_C_Series-2.1.1.71b" --include_path="C:/ti/tirtos_tivac_2_14_04_31/packages/ti/drivers/wifi/cc3100/Simplelink" --include_path="C:/ti/tirtos_tivac_2_14_04_31/packages/ti/drivers/wifi/cc3100/Simplelink/Include" --include_path="C:/ti/ccs1220/ccs/tools/compiler/ti-cgt-arm_20.2.7.LTS/include" --define=ccs="ccs" --define=PART_TM4C123GH6PM --define=ccs --define=TIVAWARE -g --gcc --diag_warning=225 --diag_warning=255 --diag_wrap=off --display_error_number --gen_func_subsections=on --abi=eabi --preproc_with_compile --preproc_dependency="bsp.d_raw" --cmd_file="configPkg/compiler.opt"  "../bsp.c"
"../bsp.c", line 153: warning #190-D: enumerated type mixed with another type
Finished building: "../bsp.c"
 
Building file: "../empty.c"
Invoking: Arm Compiler
"C:/ti/ccs1220/ccs/tools/compiler/ti-cgt-arm_20.2.7.LTS/bin/armcl" -mv7M4 --code_state=16 --float_support=FPv4SPD16 -me --include_path="C:/ti/ccs1220/ccs/ccs_base/arm/include/CMSIS" --include_path="C:/Users/kevine/workspace_v12/empty_EK_TM4C123GXL_TI" --include_path="C:/Users/kevine/workspace_v12/empty_EK_TM4C123GXL_TI" --include_path="C:/ti/tirtos_tivac_2_14_04_31/products/TivaWare_C_Series-2.1.1.71b" --include_path="C:/ti/tirtos_tivac_2_14_04_31/packages/ti/drivers/wifi/cc3100/Simplelink" --include_path="C:/ti/tirtos_tivac_2_14_04_31/packages/ti/drivers/wifi/cc3100/Simplelink/Include" --include_path="C:/ti/ccs1220/ccs/tools/compiler/ti-cgt-arm_20.2.7.LTS/include" --define=ccs="ccs" --define=PART_TM4C123GH6PM --define=ccs --define=TIVAWARE -g --gcc --diag_warning=225 --diag_warning=255 --diag_wrap=off --display_error_number --gen_func_subsections=on --abi=eabi --preproc_with_compile --preproc_dependency="empty.d_raw" --cmd_file="configPkg/compiler.opt"  "../empty.c"
Finished building: "../empty.c"
 
Building file: "../EK_TM4C123GXL.c"
Invoking: Arm Compiler
"C:/ti/ccs1220/ccs/tools/compiler/ti-cgt-arm_20.2.7.LTS/bin/armcl" -mv7M4 --code_state=16 --float_support=FPv4SPD16 -me --include_path="C:/ti/ccs1220/ccs/ccs_base/arm/include/CMSIS" --include_path="C:/Users/kevine/workspace_v12/empty_EK_TM4C123GXL_TI" --include_path="C:/Users/kevine/workspace_v12/empty_EK_TM4C123GXL_TI" --include_path="C:/ti/tirtos_tivac_2_14_04_31/products/TivaWare_C_Series-2.1.1.71b" --include_path="C:/ti/tirtos_tivac_2_14_04_31/packages/ti/drivers/wifi/cc3100/Simplelink" --include_path="C:/ti/tirtos_tivac_2_14_04_31/packages/ti/drivers/wifi/cc3100/Simplelink/Include" --include_path="C:/ti/ccs1220/ccs/tools/compiler/ti-cgt-arm_20.2.7.LTS/include" --define=ccs="ccs" --define=PART_TM4C123GH6PM --define=ccs --define=TIVAWARE -g --gcc --diag_warning=225 --diag_warning=255 --diag_wrap=off --display_error_number --gen_func_subsections=on --abi=eabi --preproc_with_compile --preproc_dependency="EK_TM4C123GXL.d_raw" --cmd_file="configPkg/compiler.opt"  "../EK_TM4C123GXL.c"
Finished building: "../EK_TM4C123GXL.c"
 
making ../src/sysbios/sysbios.aem4f ...
gmake[2]: Nothing to be done for 'all'.
Building target: "empty_EK_TM4C123GXL_TI.out"
Invoking: Arm Linker
"C:/ti/ccs1220/ccs/tools/compiler/ti-cgt-arm_20.2.7.LTS/bin/armcl" -mv7M4 --code_state=16 --float_support=FPv4SPD16 -me --define=ccs="ccs" --define=PART_TM4C123GH6PM --define=ccs --define=TIVAWARE -g --gcc --diag_warning=225 --diag_warning=255 --diag_wrap=off --display_error_number --gen_func_subsections=on --abi=eabi -z -m"empty_EK_TM4C123GXL_TI.map" --heap_size=0 --stack_size=512 -i"C:/ti/ccs1220/ccs/tools/compiler/ti-cgt-arm_20.2.7.LTS/lib" -i"C:/ti/ccs1220/ccs/tools/compiler/ti-cgt-arm_20.2.7.LTS/include" --reread_libs --diag_wrap=off --display_error_number --warn_sections --xml_link_info="empty_EK_TM4C123GXL_TI_linkInfo.xml" --rom_model -o "empty_EK_TM4C123GXL_TI.out" "./EK_TM4C123GXL.obj" "./bsp.obj" "./empty.obj" "../EK_TM4C123GXL.cmd" -l"configPkg/linker.cmd"  -l"C:/ti/tirtos_tivac_2_14_04_31/products/TivaWare_C_Series-2.1.1.71b/grlib/ccs/Debug/grlib.lib" -l"C:/ti/tirtos_tivac_2_14_04_31/products/TivaWare_C_Series-2.1.1.71b/usblib/ccs/Debug/usblib.lib" -l"C:/ti/tirtos_tivac_2_14_04_31/products/TivaWare_C_Series-2.1.1.71b/driverlib/ccs/Debug/driverlib.lib" -llibc.a 
<Linking>
Finished building target: "empty_EK_TM4C123GXL_TI.out"
 

**** Build Finished ****
